<?xml version="1.0" encoding="UTF-8"?>
<!-- Generated by org.testng.reporters.JUnitReportReporter -->
<testsuite hostname="DESKTOP-72UEHBA" failures="0" tests="1" name="testCases.PageLoadTest" time="25.416" errors="0" timestamp="2024-08-06T13:13:37 IST" skipped="0">
  <testcase classname="testCases.PageLoadTest" name="SubscribersTab" time="25.416"/>
</testsuite> <!-- testCases.PageLoadTest -->
